<?xml version="1.0" encoding="UTF-8"?>
<!-- Generated by org.testng.reporters.JUnitReportReporter -->
<testsuite skipped="0" hostname="DESKTOP-CP4RQU0" name="mavenBlog1.HomePage" tests="2" failures="0" timestamp="11 Dec 2019 14:26:43 GMT" time="11.617" errors="0">
  <testcase name="basePageNavigation" time="6.458" classname="mavenBlog1.HomePage"/>
  <testcase name="basePageNavigation" time="5.159" classname="mavenBlog1.HomePage"/>
</testsuite> <!-- mavenBlog1.HomePage -->
