<?xml version="1.0" encoding="UTF-8"?>
<!-- Generated by org.testng.reporters.JUnitReportReporter -->
<testsuite skipped="0" hostname="DESKTOP-CP4RQU0" name="CucumberOpt.TestRunner" tests="1" failures="0" timestamp="05 Dec 2019 10:03:45 GMT" time="32.752" errors="0">
  <testcase name="feature" time="32.752" classname="CucumberOpt.TestRunner"/>
</testsuite> <!-- CucumberOpt.TestRunner -->
