<?xml version="1.0" encoding="UTF-8"?>
<!-- Generated by org.testng.reporters.JUnitReportReporter -->
<testsuite skipped="0" hostname="DESKTOP-CP4RQU0" name="mavenBlog1.validateTitle" tests="1" failures="0" timestamp="11 Dec 2019 14:26:43 GMT" time="0.054" errors="0">
  <testcase name="validateAppTitle" time="0.054" classname="mavenBlog1.validateTitle"/>
</testsuite> <!-- mavenBlog1.validateTitle -->
